<?xml version="1.0" encoding="UTF-8"?>
<!-- Generated by org.testng.reporters.JUnitReportReporter -->
<testsuite skipped="0" hostname="Hp" name="com.mercury.web.Test.Test" tests="1" failures="0" timestamp="01 Feb 2020 05:03:11 GMT" time="15.096" errors="0">
  <testcase name="login" time="15.096" classname="com.mercury.web.Test.Test"/>
</testsuite> <!-- com.mercury.web.Test.Test -->
