<?xml version="1.0" encoding="UTF-8"?>
<!-- Generated by org.testng.reporters.JUnitReportReporter -->
<testsuite skipped="0" hostname="Hp" name="com.kn.Demo2" tests="1" failures="0" timestamp="21 Jan 2020 23:58:35 GMT" time="144.349" errors="0">
  <testcase name="login" time="144.349" classname="com.kn.Demo2"/>
</testsuite> <!-- com.kn.Demo2 -->
